NEW POSITION:
shape: (1, 3)
┌────────┬────────────────────────────┬────────────┐
│ Symbol ┆ Opened At                  ┆ Risk Pct % │
│ ---    ┆ ---                        ┆ ---        │
│ str    ┆ datetime[μs]               ┆ f64        │
╞════════╪════════════════════════════╪════════════╡
│ AVAV   ┆ 2026-01-08 17:15:12.334974 ┆ 0.29       │
└────────┴────────────────────────────┴────────────┘

NEW POSITION:
shape: (1, 3)
┌────────┬────────────────────────────┬────────────┐
│ Symbol ┆ Opened At                  ┆ Risk Pct % │
│ ---    ┆ ---                        ┆ ---        │
│ str    ┆ datetime[μs]               ┆ f64        │
╞════════╪════════════════════════════╪════════════╡
│ QBTS   ┆ 2026-01-08 17:27:13.812383 ┆ 0.25       │
└────────┴────────────────────────────┴────────────┘

NEW POSITION:
shape: (1, 3)
┌────────┬────────────────────────────┬────────────┐
│ Symbol ┆ Opened At                  ┆ Risk Pct % │
│ ---    ┆ ---                        ┆ ---        │
│ str    ┆ datetime[μs]               ┆ f64        │
╞════════╪════════════════════════════╪════════════╡
│ QBTS   ┆ 2026-01-08 17:28:18.776569 ┆ 0.15       │
└────────┴────────────────────────────┴────────────┘

NEW POSITION:
shape: (1, 3)
┌────────────────────┬───────────────────┬────────────┐
│ Symbol             ┆ Opened At         ┆ Risk Pct % │
│ ---                ┆ ---               ┆ ---        │
│ str                ┆ datetime[μs]      ┆ f64        │
╞════════════════════╪═══════════════════╪════════════╡
│ TSLA260109C0043500 ┆ 2026-01-08        ┆ 0.0        │
│ 0                  ┆ 17:29:46.852603   ┆            │
└────────────────────┴───────────────────┴────────────┘

